# JRE version: OpenJDK Runtime Environment (17.0.6) (build 17.0.6+0-b2043.56-10027231)
# Java VM: OpenJDK 64-Bit Server VM (17.0.6+0-b2043.56-10027231, mixed mode, tiered, compressed oops, compressed class ptrs, g1 gc, windows-amd64)
GC Precious Log:
 CPUs: 8 total, 8 available
 Memory: 7959M
 Large Page Support: Disabled
 NUMA Support: Disabled
 Compressed Oops: Enabled (32-bit)
 Heap Region Size: 1M
 Heap Min Capacity: 8M
 Heap Initial Capacity: 126M
 Heap Max Capacity: 2G
 Pre-touch: Disabled
 Parallel Workers: 8
 Concurrent Workers: 2
 Concurrent Refinement Workers: 8
 Periodic GC: Disabled
Heap:
 garbage-first heap   total 140288K, used 99562K [0x0000000080000000, 0x0000000100000000)
  region size 1024K, 19 young (19456K), 2 survivors (2048K)
 Metaspace       used 62039K, committed 62656K, reserved 1105920K
  class space    used 8280K, committed 8512K, reserved 1048576K
GC Heap History (20 events):
Event: 9.819 GC heap before
{Heap before GC invocations=17 (full 0):
 garbage-first heap   total 102400K, used 79146K [0x0000000080000000, 0x0000000100000000)
  region size 1024K, 21 young (21504K), 2 survivors (2048K)
 Metaspace       used 45461K, committed 45888K, reserved 1089536K
  class space    used 6016K, committed 6208K, reserved 1048576K
}
Event: 9.823 GC heap after
{Heap after GC invocations=18 (full 0):
 garbage-first heap   total 122880K, used 57662K [0x0000000080000000, 0x0000000100000000)
  region size 1024K, 2 young (2048K), 2 survivors (2048K)
 Metaspace       used 45461K, committed 45888K, reserved 1089536K
  class space    used 6016K, committed 6208K, reserved 1048576K
}
Event: 10.272 GC heap before
{Heap before GC invocations=18 (full 0):
 garbage-first heap   total 122880K, used 68926K [0x0000000080000000, 0x0000000100000000)
  region size 1024K, 14 young (14336K), 2 survivors (2048K)
 Metaspace       used 46616K, committed 47040K, reserved 1097728K
  class space    used 6195K, committed 6400K, reserved 1048576K
}
Event: 10.276 GC heap after
{Heap after GC invocations=19 (full 0):
 garbage-first heap   total 122880K, used 59283K [0x0000000080000000, 0x0000000100000000)
  region size 1024K, 4 young (4096K), 4 survivors (4096K)
 Metaspace       used 46616K, committed 47040K, reserved 1097728K
  class space    used 6195K, committed 6400K, reserved 1048576K
}
Event: 10.540 GC heap before
{Heap before GC invocations=20 (full 0):
 garbage-first heap   total 122880K, used 75667K [0x0000000080000000, 0x0000000100000000)
  region size 1024K, 15 young (15360K), 4 survivors (4096K)
 Metaspace       used 47325K, committed 47808K, reserved 1097728K
  class space    used 6277K, committed 6464K, reserved 1048576K
}
Event: 10.545 GC heap after
{Heap after GC invocations=21 (full 0):
 garbage-first heap   total 122880K, used 67845K [0x0000000080000000, 0x0000000100000000)
  region size 1024K, 6 young (6144K), 6 survivors (6144K)
 Metaspace       used 47325K, committed 47808K, reserved 1097728K
  class space    used 6277K, committed 6464K, reserved 1048576K
}
Event: 11.144 GC heap before
{Heap before GC invocations=22 (full 0):
 garbage-first heap   total 122880K, used 92421K [0x0000000080000000, 0x0000000100000000)
  region size 1024K, 29 young (29696K), 6 survivors (6144K)
 Metaspace       used 49621K, committed 50176K, reserved 1097728K
  class space    used 6510K, committed 6720K, reserved 1048576K
}
Event: 11.151 GC heap after
{Heap after GC invocations=23 (full 0):
 garbage-first heap   total 122880K, used 68836K [0x0000000080000000, 0x0000000100000000)
  region size 1024K, 2 young (2048K), 2 survivors (2048K)
 Metaspace       used 49621K, committed 50176K, reserved 1097728K
  class space    used 6510K, committed 6720K, reserved 1048576K
}
Event: 11.898 GC heap before
{Heap before GC invocations=23 (full 0):
 garbage-first heap   total 122880K, used 93412K [0x0000000080000000, 0x0000000100000000)
  region size 1024K, 27 young (27648K), 2 survivors (2048K)
 Metaspace       used 52296K, committed 52928K, reserved 1097728K
  class space    used 6993K, committed 7296K, reserved 1048576K
}
Event: 11.903 GC heap after
{Heap after GC invocations=24 (full 0):
 garbage-first heap   total 122880K, used 70650K [0x0000000080000000, 0x0000000100000000)
  region size 1024K, 4 young (4096K), 4 survivors (4096K)
 Metaspace       used 52296K, committed 52928K, reserved 1097728K
  class space    used 6993K, committed 7296K, reserved 1048576K
}
Event: 12.791 GC heap before
{Heap before GC invocations=25 (full 0):
 garbage-first heap   total 122880K, used 95226K [0x0000000080000000, 0x0000000100000000)
  region size 1024K, 29 young (29696K), 4 survivors (4096K)
 Metaspace       used 55508K, committed 56192K, reserved 1105920K
  class space    used 7509K, committed 7808K, reserved 1048576K
}
Event: 12.797 GC heap after
{Heap after GC invocations=26 (full 0):
 garbage-first heap   total 122880K, used 72278K [0x0000000080000000, 0x0000000100000000)
  region size 1024K, 4 young (4096K), 4 survivors (4096K)
 Metaspace       used 55508K, committed 56192K, reserved 1105920K
  class space    used 7509K, committed 7808K, reserved 1048576K
}
Event: 13.604 GC heap before
{Heap before GC invocations=26 (full 0):
 garbage-first heap   total 122880K, used 96854K [0x0000000080000000, 0x0000000100000000)
  region size 1024K, 29 young (29696K), 4 survivors (4096K)
 Metaspace       used 56261K, committed 56960K, reserved 1105920K
  class space    used 7568K, committed 7872K, reserved 1048576K
}
Event: 13.610 GC heap after
{Heap after GC invocations=27 (full 0):
 garbage-first heap   total 122880K, used 73925K [0x0000000080000000, 0x0000000100000000)
  region size 1024K, 4 young (4096K), 4 survivors (4096K)
 Metaspace       used 56261K, committed 56960K, reserved 1105920K
  class space    used 7568K, committed 7872K, reserved 1048576K
}
Event: 13.692 GC heap before
{Heap before GC invocations=28 (full 0):
 garbage-first heap   total 130048K, used 74949K [0x0000000080000000, 0x0000000100000000)
  region size 1024K, 6 young (6144K), 4 survivors (4096K)
 Metaspace       used 56285K, committed 56960K, reserved 1105920K
  class space    used 7569K, committed 7872K, reserved 1048576K
}
Event: 13.697 GC heap after
{Heap after GC invocations=29 (full 0):
 garbage-first heap   total 130048K, used 75403K [0x0000000080000000, 0x0000000100000000)
  region size 1024K, 3 young (3072K), 3 survivors (3072K)
 Metaspace       used 56285K, committed 56960K, reserved 1105920K
  class space    used 7569K, committed 7872K, reserved 1048576K
}
Event: 13.908 GC heap before
{Heap before GC invocations=30 (full 0):
 garbage-first heap   total 132096K, used 83595K [0x0000000080000000, 0x0000000100000000)
  region size 1024K, 11 young (11264K), 3 survivors (3072K)
 Metaspace       used 56639K, committed 57280K, reserved 1105920K
  class space    used 7627K, committed 7936K, reserved 1048576K
}
Event: 13.912 GC heap after
{Heap after GC invocations=31 (full 0):
 garbage-first heap   total 132096K, used 81381K [0x0000000080000000, 0x0000000100000000)
  region size 1024K, 4 young (4096K), 4 survivors (4096K)
 Metaspace       used 56639K, committed 57280K, reserved 1105920K
  class space    used 7627K, committed 7936K, reserved 1048576K
}
Event: 14.401 GC heap before
{Heap before GC invocations=32 (full 0):
 garbage-first heap   total 140288K, used 100837K [0x0000000080000000, 0x0000000100000000)
  region size 1024K, 23 young (23552K), 4 survivors (4096K)
 Metaspace       used 58975K, committed 59648K, reserved 1105920K
  class space    used 7945K, committed 8256K, reserved 1048576K
}
Event: 14.404 GC heap after
{Heap after GC invocations=33 (full 0):
 garbage-first heap   total 140288K, used 83178K [0x0000000080000000, 0x0000000100000000)
  region size 1024K, 2 young (2048K), 2 survivors (2048K)
 Metaspace       used 58975K, committed 59648K, reserved 1105920K
  class space    used 7945K, committed 8256K, reserved 1048576K
}

