# JRE version: OpenJDK Runtime Environment (17.0.6) (build 17.0.6+0-b2043.56-10027231)
# Java VM: OpenJDK 64-Bit Server VM (17.0.6+0-b2043.56-10027231, mixed mode, tiered, compressed oops, compressed class ptrs, g1 gc, windows-amd64)
GC Precious Log:
 CPUs: 8 total, 8 available
 Memory: 7959M
 Large Page Support: Disabled
 NUMA Support: Disabled
 Compressed Oops: Enabled (32-bit)
 Heap Region Size: 1M
 Heap Min Capacity: 8M
 Heap Initial Capacity: 126M
 Heap Max Capacity: 2G
 Pre-touch: Disabled
 Parallel Workers: 8
 Concurrent Workers: 2
 Concurrent Refinement Workers: 8
 Periodic GC: Disabled
Heap:
 garbage-first heap   total 301056K, used 175050K [0x0000000080000000, 0x0000000100000000)
  region size 1024K, 2 young (2048K), 2 survivors (2048K)
 Metaspace       used 128732K, committed 129536K, reserved 1163264K
  class space    used 17616K, committed 17984K, reserved 1048576K
GC Heap History (20 events):
Event: 100.269 GC heap after
{Heap after GC invocations=113 (full 0):
 garbage-first heap   total 205824K, used 141602K [0x0000000080000000, 0x0000000100000000)
  region size 1024K, 1 young (1024K), 1 survivors (1024K)
 Metaspace       used 128565K, committed 129408K, reserved 1163264K
  class space    used 17619K, committed 17984K, reserved 1048576K
}
Event: 100.953 GC heap before
{Heap before GC invocations=113 (full 0):
 garbage-first heap   total 205824K, used 180514K [0x0000000080000000, 0x0000000100000000)
  region size 1024K, 39 young (39936K), 1 survivors (1024K)
 Metaspace       used 128574K, committed 129408K, reserved 1163264K
  class space    used 17621K, committed 17984K, reserved 1048576K
}
Event: 100.956 GC heap after
{Heap after GC invocations=114 (full 0):
 garbage-first heap   total 205824K, used 141526K [0x0000000080000000, 0x0000000100000000)
  region size 1024K, 1 young (1024K), 1 survivors (1024K)
 Metaspace       used 128574K, committed 129408K, reserved 1163264K
  class space    used 17621K, committed 17984K, reserved 1048576K
}
Event: 101.627 GC heap before
{Heap before GC invocations=114 (full 0):
 garbage-first heap   total 205824K, used 181462K [0x0000000080000000, 0x0000000100000000)
  region size 1024K, 40 young (40960K), 1 survivors (1024K)
 Metaspace       used 128574K, committed 129408K, reserved 1163264K
  class space    used 17621K, committed 17984K, reserved 1048576K
}
Event: 101.630 GC heap after
{Heap after GC invocations=115 (full 0):
 garbage-first heap   total 205824K, used 141610K [0x0000000080000000, 0x0000000100000000)
  region size 1024K, 1 young (1024K), 1 survivors (1024K)
 Metaspace       used 128574K, committed 129408K, reserved 1163264K
  class space    used 17621K, committed 17984K, reserved 1048576K
}
Event: 102.447 GC heap before
{Heap before GC invocations=115 (full 0):
 garbage-first heap   total 205824K, used 181546K [0x0000000080000000, 0x0000000100000000)
  region size 1024K, 40 young (40960K), 1 survivors (1024K)
 Metaspace       used 128575K, committed 129408K, reserved 1163264K
  class space    used 17621K, committed 17984K, reserved 1048576K
}
Event: 102.450 GC heap after
{Heap after GC invocations=116 (full 0):
 garbage-first heap   total 205824K, used 141648K [0x0000000080000000, 0x0000000100000000)
  region size 1024K, 1 young (1024K), 1 survivors (1024K)
 Metaspace       used 128575K, committed 129408K, reserved 1163264K
  class space    used 17621K, committed 17984K, reserved 1048576K
}
Event: 104.621 GC heap before
{Heap before GC invocations=116 (full 0):
 garbage-first heap   total 205824K, used 165200K [0x0000000080000000, 0x0000000100000000)
  region size 1024K, 17 young (17408K), 1 survivors (1024K)
 Metaspace       used 128675K, committed 129472K, reserved 1163264K
  class space    used 17627K, committed 17984K, reserved 1048576K
}
Event: 104.626 GC heap after
{Heap after GC invocations=117 (full 0):
 garbage-first heap   total 205824K, used 152332K [0x0000000080000000, 0x0000000100000000)
  region size 1024K, 4 young (4096K), 4 survivors (4096K)
 Metaspace       used 128675K, committed 129472K, reserved 1163264K
  class space    used 17627K, committed 17984K, reserved 1048576K
}
Event: 104.756 GC heap before
{Heap before GC invocations=117 (full 0):
 garbage-first heap   total 205824K, used 174860K [0x0000000080000000, 0x0000000100000000)
  region size 1024K, 15 young (15360K), 4 survivors (4096K)
 Metaspace       used 128701K, committed 129472K, reserved 1163264K
  class space    used 17629K, committed 17984K, reserved 1048576K
}
Event: 104.760 GC heap after
{Heap after GC invocations=118 (full 0):
 garbage-first heap   total 205824K, used 165533K [0x0000000080000000, 0x0000000100000000)
  region size 1024K, 4 young (4096K), 4 survivors (4096K)
 Metaspace       used 128701K, committed 129472K, reserved 1163264K
  class space    used 17629K, committed 17984K, reserved 1048576K
}
Event: 104.764 GC heap before
{Heap before GC invocations=118 (full 0):
 garbage-first heap   total 205824K, used 172701K [0x0000000080000000, 0x0000000100000000)
  region size 1024K, 6 young (6144K), 4 survivors (4096K)
 Metaspace       used 128701K, committed 129472K, reserved 1163264K
  class space    used 17629K, committed 17984K, reserved 1048576K
}
Event: 104.767 GC heap after
{Heap after GC invocations=119 (full 0):
 garbage-first heap   total 205824K, used 170371K [0x0000000080000000, 0x0000000100000000)
  region size 1024K, 1 young (1024K), 1 survivors (1024K)
 Metaspace       used 128701K, committed 129472K, reserved 1163264K
  class space    used 17629K, committed 17984K, reserved 1048576K
}
Event: 104.915 GC heap before
{Heap before GC invocations=119 (full 0):
 garbage-first heap   total 205824K, used 189827K [0x0000000080000000, 0x0000000100000000)
  region size 1024K, 10 young (10240K), 1 survivors (1024K)
 Metaspace       used 128761K, committed 129536K, reserved 1163264K
  class space    used 17629K, committed 17984K, reserved 1048576K
}
Event: 104.920 GC heap after
{Heap after GC invocations=120 (full 0):
 garbage-first heap   total 205824K, used 176114K [0x0000000080000000, 0x0000000100000000)
  region size 1024K, 2 young (2048K), 2 survivors (2048K)
 Metaspace       used 128761K, committed 129536K, reserved 1163264K
  class space    used 17629K, committed 17984K, reserved 1048576K
}
Event: 105.131 GC heap before
{Heap before GC invocations=120 (full 0):
 garbage-first heap   total 301056K, used 181234K [0x0000000080000000, 0x0000000100000000)
  region size 1024K, 10 young (10240K), 2 survivors (2048K)
 Metaspace       used 128707K, committed 129536K, reserved 1163264K
  class space    used 17614K, committed 17984K, reserved 1048576K
}
Event: 105.139 GC heap after
{Heap after GC invocations=121 (full 0):
 garbage-first heap   total 301056K, used 177802K [0x0000000080000000, 0x0000000100000000)
  region size 1024K, 2 young (2048K), 2 survivors (2048K)
 Metaspace       used 128707K, committed 129536K, reserved 1163264K
  class space    used 17614K, committed 17984K, reserved 1048576K
}
Event: 105.864 GC heap before
{Heap before GC invocations=122 (full 0):
 garbage-first heap   total 301056K, used 226954K [0x0000000080000000, 0x0000000100000000)
  region size 1024K, 48 young (49152K), 2 survivors (2048K)
 Metaspace       used 128726K, committed 129536K, reserved 1163264K
  class space    used 17616K, committed 17984K, reserved 1048576K
}
Event: 105.897 GC heap after
{Heap after GC invocations=123 (full 0):
 garbage-first heap   total 301056K, used 199363K [0x0000000080000000, 0x0000000100000000)
  region size 1024K, 6 young (6144K), 6 survivors (6144K)
 Metaspace       used 128726K, committed 129536K, reserved 1163264K
  class space    used 17616K, committed 17984K, reserved 1048576K
}
Event: 105.970 GC heap before
{Heap before GC invocations=123 (full 0):
 garbage-first heap   total 301056K, used 207555K [0x0000000080000000, 0x0000000100000000)
  region size 1024K, 14 young (14336K), 6 survivors (6144K)
 Metaspace       used 128732K, committed 129536K, reserved 1163264K
  class space    used 17616K, committed 17984K, reserved 1048576K
}

