# JRE version: OpenJDK Runtime Environment (17.0.6) (build 17.0.6+0-b2043.56-10027231)
# Java VM: OpenJDK 64-Bit Server VM (17.0.6+0-b2043.56-10027231, mixed mode, tiered, compressed oops, compressed class ptrs, g1 gc, windows-amd64)
GC Precious Log:
 CPUs: 8 total, 8 available
 Memory: 7959M
 Large Page Support: Disabled
 NUMA Support: Disabled
 Compressed Oops: Enabled (32-bit)
 Heap Region Size: 1M
 Heap Min Capacity: 8M
 Heap Initial Capacity: 126M
 Heap Max Capacity: 2G
 Pre-touch: Disabled
 Parallel Workers: 8
 Concurrent Workers: 2
 Concurrent Refinement Workers: 8
 Periodic GC: Disabled
Heap:
 garbage-first heap   total 206848K, used 141070K [0x0000000080000000, 0x0000000100000000)
  region size 1024K, 11 young (11264K), 3 survivors (3072K)
 Metaspace       used 90665K, committed 91456K, reserved 1130496K
  class space    used 12255K, committed 12608K, reserved 1048576K
GC Heap History (20 events):
Event: 15.959 GC heap before
{Heap before GC invocations=35 (full 0):
 garbage-first heap   total 172032K, used 124757K [0x0000000080000000, 0x0000000100000000)
  region size 1024K, 39 young (39936K), 4 survivors (4096K)
 Metaspace       used 74429K, committed 75136K, reserved 1114112K
  class space    used 9919K, committed 10240K, reserved 1048576K
}
Event: 15.965 GC heap after
{Heap after GC invocations=36 (full 0):
 garbage-first heap   total 172032K, used 91081K [0x0000000080000000, 0x0000000100000000)
  region size 1024K, 5 young (5120K), 5 survivors (5120K)
 Metaspace       used 74429K, committed 75136K, reserved 1114112K
  class space    used 9919K, committed 10240K, reserved 1048576K
}
Event: 16.721 GC heap before
{Heap before GC invocations=37 (full 0):
 garbage-first heap   total 172032K, used 127945K [0x0000000080000000, 0x0000000100000000)
  region size 1024K, 41 young (41984K), 5 survivors (5120K)
 Metaspace       used 77857K, committed 78592K, reserved 1122304K
  class space    used 10379K, committed 10688K, reserved 1048576K
}
Event: 16.728 GC heap after
{Heap after GC invocations=38 (full 0):
 garbage-first heap   total 172032K, used 93723K [0x0000000080000000, 0x0000000100000000)
  region size 1024K, 5 young (5120K), 5 survivors (5120K)
 Metaspace       used 77857K, committed 78592K, reserved 1122304K
  class space    used 10379K, committed 10688K, reserved 1048576K
}
Event: 16.801 GC heap before
{Heap before GC invocations=38 (full 0):
 garbage-first heap   total 172032K, used 95771K [0x0000000080000000, 0x0000000100000000)
  region size 1024K, 8 young (8192K), 5 survivors (5120K)
 Metaspace       used 78285K, committed 78976K, reserved 1122304K
  class space    used 10432K, committed 10752K, reserved 1048576K
}
Event: 16.807 GC heap after
{Heap after GC invocations=39 (full 0):
 garbage-first heap   total 172032K, used 93842K [0x0000000080000000, 0x0000000100000000)
  region size 1024K, 1 young (1024K), 1 survivors (1024K)
 Metaspace       used 78285K, committed 78976K, reserved 1122304K
  class space    used 10432K, committed 10752K, reserved 1048576K
}
Event: 17.755 GC heap before
{Heap before GC invocations=39 (full 0):
 garbage-first heap   total 172032K, used 133778K [0x0000000080000000, 0x0000000100000000)
  region size 1024K, 39 young (39936K), 1 survivors (1024K)
 Metaspace       used 82929K, committed 83584K, reserved 1122304K
  class space    used 11262K, committed 11584K, reserved 1048576K
}
Event: 17.759 GC heap after
{Heap after GC invocations=40 (full 0):
 garbage-first heap   total 172032K, used 95176K [0x0000000080000000, 0x0000000100000000)
  region size 1024K, 3 young (3072K), 3 survivors (3072K)
 Metaspace       used 82929K, committed 83584K, reserved 1122304K
  class space    used 11262K, committed 11584K, reserved 1048576K
}
Event: 18.197 GC heap before
{Heap before GC invocations=40 (full 0):
 garbage-first heap   total 172032K, used 113608K [0x0000000080000000, 0x0000000100000000)
  region size 1024K, 23 young (23552K), 3 survivors (3072K)
 Metaspace       used 84750K, committed 85504K, reserved 1130496K
  class space    used 11482K, committed 11840K, reserved 1048576K
}
Event: 18.203 GC heap after
{Heap after GC invocations=41 (full 0):
 garbage-first heap   total 172032K, used 98752K [0x0000000080000000, 0x0000000100000000)
  region size 1024K, 6 young (6144K), 6 survivors (6144K)
 Metaspace       used 84750K, committed 85504K, reserved 1130496K
  class space    used 11482K, committed 11840K, reserved 1048576K
}
Event: 20.116 GC heap before
{Heap before GC invocations=42 (full 0):
 garbage-first heap   total 172032K, used 156096K [0x0000000080000000, 0x0000000100000000)
  region size 1024K, 41 young (41984K), 6 survivors (6144K)
 Metaspace       used 89346K, committed 90048K, reserved 1130496K
  class space    used 12078K, committed 12416K, reserved 1048576K
}
Event: 20.129 GC heap after
{Heap after GC invocations=43 (full 0):
 garbage-first heap   total 172032K, used 127231K [0x0000000080000000, 0x0000000100000000)
  region size 1024K, 6 young (6144K), 6 survivors (6144K)
 Metaspace       used 89346K, committed 90048K, reserved 1130496K
  class space    used 12078K, committed 12416K, reserved 1048576K
}
Event: 20.170 GC heap before
{Heap before GC invocations=43 (full 0):
 garbage-first heap   total 172032K, used 129279K [0x0000000080000000, 0x0000000100000000)
  region size 1024K, 8 young (8192K), 6 survivors (6144K)
 Metaspace       used 89359K, committed 90112K, reserved 1130496K
  class space    used 12078K, committed 12416K, reserved 1048576K
}
Event: 20.175 GC heap after
{Heap after GC invocations=44 (full 0):
 garbage-first heap   total 172032K, used 128015K [0x0000000080000000, 0x0000000100000000)
  region size 1024K, 1 young (1024K), 1 survivors (1024K)
 Metaspace       used 89359K, committed 90112K, reserved 1130496K
  class space    used 12078K, committed 12416K, reserved 1048576K
}
Event: 20.423 GC heap before
{Heap before GC invocations=44 (full 0):
 garbage-first heap   total 172032K, used 144399K [0x0000000080000000, 0x0000000100000000)
  region size 1024K, 18 young (18432K), 1 survivors (1024K)
 Metaspace       used 89844K, committed 90624K, reserved 1130496K
  class space    used 12143K, committed 12480K, reserved 1048576K
}
Event: 20.427 GC heap after
{Heap after GC invocations=45 (full 0):
 garbage-first heap   total 172032K, used 129020K [0x0000000080000000, 0x0000000100000000)
  region size 1024K, 2 young (2048K), 2 survivors (2048K)
 Metaspace       used 89844K, committed 90624K, reserved 1130496K
  class space    used 12143K, committed 12480K, reserved 1048576K
}
Event: 20.788 GC heap before
{Heap before GC invocations=45 (full 0):
 garbage-first heap   total 172032K, used 141308K [0x0000000080000000, 0x0000000100000000)
  region size 1024K, 15 young (15360K), 2 survivors (2048K)
 Metaspace       used 90649K, committed 91456K, reserved 1130496K
  class space    used 12254K, committed 12608K, reserved 1048576K
}
Event: 20.793 GC heap after
{Heap after GC invocations=46 (full 0):
 garbage-first heap   total 206848K, used 129746K [0x0000000080000000, 0x0000000100000000)
  region size 1024K, 3 young (3072K), 3 survivors (3072K)
 Metaspace       used 90649K, committed 91456K, reserved 1130496K
  class space    used 12254K, committed 12608K, reserved 1048576K
}
Event: 20.797 GC heap before
{Heap before GC invocations=46 (full 0):
 garbage-first heap   total 206848K, used 131794K [0x0000000080000000, 0x0000000100000000)
  region size 1024K, 4 young (4096K), 3 survivors (3072K)
 Metaspace       used 90649K, committed 91456K, reserved 1130496K
  class space    used 12254K, committed 12608K, reserved 1048576K
}
Event: 20.801 GC heap after
{Heap after GC invocations=47 (full 0):
 garbage-first heap   total 206848K, used 131854K [0x0000000080000000, 0x0000000100000000)
  region size 1024K, 3 young (3072K), 3 survivors (3072K)
 Metaspace       used 90649K, committed 91456K, reserved 1130496K
  class space    used 12254K, committed 12608K, reserved 1048576K
}

