# JRE version: OpenJDK Runtime Environment (17.0.6) (build 17.0.6+0-b2043.56-10027231)
# Java VM: OpenJDK 64-Bit Server VM (17.0.6+0-b2043.56-10027231, mixed mode, tiered, compressed oops, compressed class ptrs, g1 gc, windows-amd64)
GC Precious Log:
 CPUs: 8 total, 8 available
 Memory: 7959M
 Large Page Support: Disabled
 NUMA Support: Disabled
 Compressed Oops: Enabled (32-bit)
 Heap Region Size: 1M
 Heap Min Capacity: 8M
 Heap Initial Capacity: 126M
 Heap Max Capacity: 2G
 Pre-touch: Disabled
 Parallel Workers: 8
 Concurrent Workers: 2
 Concurrent Refinement Workers: 8
 Periodic GC: Disabled
Heap:
 garbage-first heap   total 173056K, used 121863K [0x0000000080000000, 0x0000000100000000)
  region size 1024K, 5 young (5120K), 2 survivors (2048K)
 Metaspace       used 86390K, committed 87104K, reserved 1130496K
  class space    used 11607K, committed 11904K, reserved 1048576K
GC Heap History (20 events):
Event: 13.426 GC heap before
{Heap before GC invocations=30 (full 0):
 garbage-first heap   total 168960K, used 118784K [0x0000000080000000, 0x0000000100000000)
  region size 1024K, 37 young (37888K), 2 survivors (2048K)
 Metaspace       used 65144K, committed 65856K, reserved 1105920K
  class space    used 8671K, committed 8960K, reserved 1048576K
}
Event: 13.433 GC heap after
{Heap after GC invocations=31 (full 0):
 garbage-first heap   total 168960K, used 84431K [0x0000000080000000, 0x0000000100000000)
  region size 1024K, 4 young (4096K), 4 survivors (4096K)
 Metaspace       used 65144K, committed 65856K, reserved 1105920K
  class space    used 8671K, committed 8960K, reserved 1048576K
}
Event: 14.005 GC heap before
{Heap before GC invocations=32 (full 0):
 garbage-first heap   total 168960K, used 96719K [0x0000000080000000, 0x0000000100000000)
  region size 1024K, 17 young (17408K), 4 survivors (4096K)
 Metaspace       used 67620K, committed 68352K, reserved 1114112K
  class space    used 8990K, committed 9280K, reserved 1048576K
}
Event: 14.011 GC heap after
{Heap after GC invocations=33 (full 0):
 garbage-first heap   total 168960K, used 86286K [0x0000000080000000, 0x0000000100000000)
  region size 1024K, 4 young (4096K), 4 survivors (4096K)
 Metaspace       used 67620K, committed 68352K, reserved 1114112K
  class space    used 8990K, committed 9280K, reserved 1048576K
}
Event: 14.116 GC heap before
{Heap before GC invocations=34 (full 0):
 garbage-first heap   total 168960K, used 98574K [0x0000000080000000, 0x0000000100000000)
  region size 1024K, 13 young (13312K), 4 survivors (4096K)
 Metaspace       used 67625K, committed 68352K, reserved 1114112K
  class space    used 8990K, committed 9280K, reserved 1048576K
}
Event: 14.123 GC heap after
{Heap after GC invocations=35 (full 0):
 garbage-first heap   total 168960K, used 92115K [0x0000000080000000, 0x0000000100000000)
  region size 1024K, 5 young (5120K), 5 survivors (5120K)
 Metaspace       used 67625K, committed 68352K, reserved 1114112K
  class space    used 8990K, committed 9280K, reserved 1048576K
}
Event: 14.838 GC heap before
{Heap before GC invocations=36 (full 0):
 garbage-first heap   total 168960K, used 123859K [0x0000000080000000, 0x0000000100000000)
  region size 1024K, 34 young (34816K), 5 survivors (5120K)
 Metaspace       used 70186K, committed 70848K, reserved 1114112K
  class space    used 9331K, committed 9664K, reserved 1048576K
}
Event: 14.842 GC heap after
{Heap after GC invocations=37 (full 0):
 garbage-first heap   total 168960K, used 89824K [0x0000000080000000, 0x0000000100000000)
  region size 1024K, 3 young (3072K), 3 survivors (3072K)
 Metaspace       used 70186K, committed 70848K, reserved 1114112K
  class space    used 9331K, committed 9664K, reserved 1048576K
}
Event: 15.725 GC heap before
{Heap before GC invocations=37 (full 0):
 garbage-first heap   total 168960K, used 123616K [0x0000000080000000, 0x0000000100000000)
  region size 1024K, 36 young (36864K), 3 survivors (3072K)
 Metaspace       used 74492K, committed 75200K, reserved 1122304K
  class space    used 9917K, committed 10240K, reserved 1048576K
}
Event: 15.730 GC heap after
{Heap after GC invocations=38 (full 0):
 garbage-first heap   total 168960K, used 91626K [0x0000000080000000, 0x0000000100000000)
  region size 1024K, 5 young (5120K), 5 survivors (5120K)
 Metaspace       used 74492K, committed 75200K, reserved 1122304K
  class space    used 9917K, committed 10240K, reserved 1048576K
}
Event: 16.498 GC heap before
{Heap before GC invocations=39 (full 0):
 garbage-first heap   total 168960K, used 126442K [0x0000000080000000, 0x0000000100000000)
  region size 1024K, 39 young (39936K), 5 survivors (5120K)
 Metaspace       used 77730K, committed 78400K, reserved 1122304K
  class space    used 10344K, committed 10624K, reserved 1048576K
}
Event: 16.505 GC heap after
{Heap after GC invocations=40 (full 0):
 garbage-first heap   total 168960K, used 93597K [0x0000000080000000, 0x0000000100000000)
  region size 1024K, 5 young (5120K), 5 survivors (5120K)
 Metaspace       used 77730K, committed 78400K, reserved 1122304K
  class space    used 10344K, committed 10624K, reserved 1048576K
}
Event: 16.618 GC heap before
{Heap before GC invocations=40 (full 0):
 garbage-first heap   total 168960K, used 97693K [0x0000000080000000, 0x0000000100000000)
  region size 1024K, 10 young (10240K), 5 survivors (5120K)
 Metaspace       used 78275K, committed 78976K, reserved 1122304K
  class space    used 10416K, committed 10752K, reserved 1048576K
}
Event: 16.625 GC heap after
{Heap after GC invocations=41 (full 0):
 garbage-first heap   total 168960K, used 94166K [0x0000000080000000, 0x0000000100000000)
  region size 1024K, 3 young (3072K), 3 survivors (3072K)
 Metaspace       used 78275K, committed 78976K, reserved 1122304K
  class space    used 10416K, committed 10752K, reserved 1048576K
}
Event: 17.521 GC heap before
{Heap before GC invocations=42 (full 0):
 garbage-first heap   total 168960K, used 133078K [0x0000000080000000, 0x0000000100000000)
  region size 1024K, 40 young (40960K), 3 survivors (3072K)
 Metaspace       used 82882K, committed 83520K, reserved 1122304K
  class space    used 11245K, committed 11520K, reserved 1048576K
}
Event: 17.526 GC heap after
{Heap after GC invocations=43 (full 0):
 garbage-first heap   total 168960K, used 96091K [0x0000000080000000, 0x0000000100000000)
  region size 1024K, 5 young (5120K), 5 survivors (5120K)
 Metaspace       used 82882K, committed 83520K, reserved 1122304K
  class space    used 11245K, committed 11520K, reserved 1048576K
}
Event: 17.861 GC heap before
{Heap before GC invocations=43 (full 0):
 garbage-first heap   total 168960K, used 115547K [0x0000000080000000, 0x0000000100000000)
  region size 1024K, 25 young (25600K), 5 survivors (5120K)
 Metaspace       used 84742K, committed 85440K, reserved 1130496K
  class space    used 11469K, committed 11776K, reserved 1048576K
}
Event: 17.869 GC heap after
{Heap after GC invocations=44 (full 0):
 garbage-first heap   total 168960K, used 99695K [0x0000000080000000, 0x0000000100000000)
  region size 1024K, 6 young (6144K), 6 survivors (6144K)
 Metaspace       used 84742K, committed 85440K, reserved 1130496K
  class space    used 11469K, committed 11776K, reserved 1048576K
}
Event: 18.215 GC heap before
{Heap before GC invocations=45 (full 0):
 garbage-first heap   total 173056K, used 107887K [0x0000000080000000, 0x0000000100000000)
  region size 1024K, 14 young (14336K), 6 survivors (6144K)
 Metaspace       used 86390K, committed 87104K, reserved 1130496K
  class space    used 11607K, committed 11904K, reserved 1048576K
}
Event: 18.222 GC heap after
{Heap after GC invocations=46 (full 0):
 garbage-first heap   total 173056K, used 100359K [0x0000000080000000, 0x0000000100000000)
  region size 1024K, 2 young (2048K), 2 survivors (2048K)
 Metaspace       used 86390K, committed 87104K, reserved 1130496K
  class space    used 11607K, committed 11904K, reserved 1048576K
}

