# JRE version: OpenJDK Runtime Environment (17.0.6) (build 17.0.6+0-b2043.56-10027231)
# Java VM: OpenJDK 64-Bit Server VM (17.0.6+0-b2043.56-10027231, mixed mode, tiered, compressed oops, compressed class ptrs, g1 gc, windows-amd64)
GC Precious Log:
 CPUs: 8 total, 8 available
 Memory: 7959M
 Large Page Support: Disabled
 NUMA Support: Disabled
 Compressed Oops: Enabled (32-bit)
 Heap Region Size: 1M
 Heap Min Capacity: 8M
 Heap Initial Capacity: 126M
 Heap Max Capacity: 2G
 Pre-touch: Disabled
 Parallel Workers: 8
 Concurrent Workers: 2
 Concurrent Refinement Workers: 8
 Periodic GC: Disabled
Heap:
 garbage-first heap   total 211968K, used 106944K [0x0000000080000000, 0x0000000100000000)
  region size 1024K, 6 young (6144K), 6 survivors (6144K)
 Metaspace       used 135650K, committed 136448K, reserved 1171456K
  class space    used 18360K, committed 18752K, reserved 1048576K
GC Heap History (20 events):
Event: 6106.718 GC heap after
{Heap after GC invocations=75 (full 0):
 garbage-first heap   total 186368K, used 91456K [0x0000000080000000, 0x0000000100000000)
  region size 1024K, 1 young (1024K), 1 survivors (1024K)
 Metaspace       used 128709K, committed 130112K, reserved 1163264K
  class space    used 17537K, committed 18048K, reserved 1048576K
}
Event: 6116.682 GC heap before
{Heap before GC invocations=75 (full 0):
 garbage-first heap   total 186368K, used 155968K [0x0000000080000000, 0x0000000100000000)
  region size 1024K, 65 young (66560K), 1 survivors (1024K)
 Metaspace       used 134173K, committed 134848K, reserved 1171456K
  class space    used 18253K, committed 18560K, reserved 1048576K
}
Event: 6116.750 GC heap after
{Heap after GC invocations=76 (full 0):
 garbage-first heap   total 186368K, used 98593K [0x0000000080000000, 0x0000000100000000)
  region size 1024K, 8 young (8192K), 8 survivors (8192K)
 Metaspace       used 134173K, committed 134848K, reserved 1171456K
  class space    used 18253K, committed 18560K, reserved 1048576K
}
Event: 6119.924 GC heap before
{Heap before GC invocations=77 (full 0):
 garbage-first heap   total 186368K, used 151841K [0x0000000080000000, 0x0000000100000000)
  region size 1024K, 60 young (61440K), 8 survivors (8192K)
 Metaspace       used 134268K, committed 134912K, reserved 1171456K
  class space    used 18257K, committed 18560K, reserved 1048576K
}
Event: 6120.081 GC heap after
{Heap after GC invocations=78 (full 0):
 garbage-first heap   total 186368K, used 102701K [0x0000000080000000, 0x0000000100000000)
  region size 1024K, 4 young (4096K), 4 survivors (4096K)
 Metaspace       used 134268K, committed 134912K, reserved 1171456K
  class space    used 18257K, committed 18560K, reserved 1048576K
}
Event: 6120.130 GC heap before
{Heap before GC invocations=78 (full 0):
 garbage-first heap   total 186368K, used 107821K [0x0000000080000000, 0x0000000100000000)
  region size 1024K, 9 young (9216K), 4 survivors (4096K)
 Metaspace       used 134268K, committed 134912K, reserved 1171456K
  class space    used 18257K, committed 18560K, reserved 1048576K
}
Event: 6120.187 GC heap after
{Heap after GC invocations=79 (full 0):
 garbage-first heap   total 186368K, used 94065K [0x0000000080000000, 0x0000000100000000)
  region size 1024K, 1 young (1024K), 1 survivors (1024K)
 Metaspace       used 134268K, committed 134912K, reserved 1171456K
  class space    used 18257K, committed 18560K, reserved 1048576K
}
Event: 6130.956 GC heap before
{Heap before GC invocations=79 (full 0):
 garbage-first heap   total 186368K, used 143217K [0x0000000080000000, 0x0000000100000000)
  region size 1024K, 51 young (52224K), 1 survivors (1024K)
 Metaspace       used 134580K, committed 135296K, reserved 1171456K
  class space    used 18279K, committed 18624K, reserved 1048576K
}
Event: 6130.977 GC heap after
{Heap after GC invocations=80 (full 0):
 garbage-first heap   total 186368K, used 99454K [0x0000000080000000, 0x0000000100000000)
  region size 1024K, 7 young (7168K), 7 survivors (7168K)
 Metaspace       used 134580K, committed 135296K, reserved 1171456K
  class space    used 18279K, committed 18624K, reserved 1048576K
}
Event: 6133.183 GC heap before
{Heap before GC invocations=81 (full 0):
 garbage-first heap   total 186368K, used 152702K [0x0000000080000000, 0x0000000100000000)
  region size 1024K, 58 young (59392K), 7 survivors (7168K)
 Metaspace       used 134975K, committed 135680K, reserved 1171456K
  class space    used 18305K, committed 18624K, reserved 1048576K
}
Event: 6133.206 GC heap after
{Heap after GC invocations=82 (full 0):
 garbage-first heap   total 186368K, used 101379K [0x0000000080000000, 0x0000000100000000)
  region size 1024K, 3 young (3072K), 3 survivors (3072K)
 Metaspace       used 134975K, committed 135680K, reserved 1171456K
  class space    used 18305K, committed 18624K, reserved 1048576K
}
Event: 6133.443 GC heap before
{Heap before GC invocations=82 (full 0):
 garbage-first heap   total 186368K, used 106499K [0x0000000080000000, 0x0000000100000000)
  region size 1024K, 9 young (9216K), 3 survivors (3072K)
 Metaspace       used 135137K, committed 135936K, reserved 1171456K
  class space    used 18310K, committed 18688K, reserved 1048576K
}
Event: 6133.458 GC heap after
{Heap after GC invocations=83 (full 0):
 garbage-first heap   total 186368K, used 98814K [0x0000000080000000, 0x0000000100000000)
  region size 1024K, 1 young (1024K), 1 survivors (1024K)
 Metaspace       used 135137K, committed 135936K, reserved 1171456K
  class space    used 18310K, committed 18688K, reserved 1048576K
}
Event: 6133.983 GC heap before
{Heap before GC invocations=83 (full 0):
 garbage-first heap   total 186368K, used 104958K [0x0000000080000000, 0x0000000100000000)
  region size 1024K, 8 young (8192K), 1 survivors (1024K)
 Metaspace       used 135233K, committed 136000K, reserved 1171456K
  class space    used 18320K, committed 18688K, reserved 1048576K
}
Event: 6133.987 GC heap after
{Heap after GC invocations=84 (full 0):
 garbage-first heap   total 186368K, used 99310K [0x0000000080000000, 0x0000000100000000)
  region size 1024K, 1 young (1024K), 1 survivors (1024K)
 Metaspace       used 135233K, committed 136000K, reserved 1171456K
  class space    used 18320K, committed 18688K, reserved 1048576K
}
Event: 6708.184 GC heap before
{Heap before GC invocations=85 (full 0):
 garbage-first heap   total 211968K, used 178158K [0x0000000080000000, 0x0000000100000000)
  region size 1024K, 55 young (56320K), 1 survivors (1024K)
 Metaspace       used 135386K, committed 136192K, reserved 1171456K
  class space    used 18329K, committed 18688K, reserved 1048576K
}
Event: 6708.239 GC heap after
{Heap after GC invocations=86 (full 0):
 garbage-first heap   total 211968K, used 102989K [0x0000000080000000, 0x0000000100000000)
  region size 1024K, 5 young (5120K), 5 survivors (5120K)
 Metaspace       used 135386K, committed 136192K, reserved 1171456K
  class space    used 18329K, committed 18688K, reserved 1048576K
}
Event: 6708.753 GC heap before
{Heap before GC invocations=86 (full 0):
 garbage-first heap   total 211968K, used 108109K [0x0000000080000000, 0x0000000100000000)
  region size 1024K, 10 young (10240K), 5 survivors (5120K)
 Metaspace       used 135518K, committed 136320K, reserved 1171456K
  class space    used 18345K, committed 18688K, reserved 1048576K
}
Event: 6708.844 GC heap after
{Heap after GC invocations=87 (full 0):
 garbage-first heap   total 211968K, used 102625K [0x0000000080000000, 0x0000000100000000)
  region size 1024K, 2 young (2048K), 2 survivors (2048K)
 Metaspace       used 135518K, committed 136320K, reserved 1171456K
  class space    used 18345K, committed 18688K, reserved 1048576K
}
Event: 6710.725 GC heap before
{Heap before GC invocations=87 (full 0):
 garbage-first heap   total 211968K, used 128225K [0x0000000080000000, 0x0000000100000000)
  region size 1024K, 29 young (29696K), 2 survivors (2048K)
 Metaspace       used 135650K, committed 136448K, reserved 1171456K
  class space    used 18360K, committed 18752K, reserved 1048576K
}

