# JRE version: OpenJDK Runtime Environment (17.0.6) (build 17.0.6+0-b2043.56-10027231)
# Java VM: OpenJDK 64-Bit Server VM (17.0.6+0-b2043.56-10027231, mixed mode, tiered, compressed oops, compressed class ptrs, g1 gc, windows-amd64)
GC Precious Log:
 CPUs: 8 total, 8 available
 Memory: 7959M
 Large Page Support: Disabled
 NUMA Support: Disabled
 Compressed Oops: Enabled (32-bit)
 Heap Region Size: 1M
 Heap Min Capacity: 8M
 Heap Initial Capacity: 126M
 Heap Max Capacity: 2G
 Pre-touch: Disabled
 Parallel Workers: 8
 Concurrent Workers: 2
 Concurrent Refinement Workers: 8
 Periodic GC: Disabled
Heap:
 garbage-first heap   total 194560K, used 168361K [0x0000000080000000, 0x0000000100000000)
  region size 1024K, 55 young (56320K), 2 survivors (2048K)
 Metaspace       used 100569K, committed 101376K, reserved 1138688K
  class space    used 13412K, committed 13824K, reserved 1048576K
GC Heap History (20 events):
Event: 17.993 GC heap before
{Heap before GC invocations=43 (full 0):
 garbage-first heap   total 128000K, used 101464K [0x0000000080000000, 0x0000000100000000)
  region size 1024K, 45 young (46080K), 6 survivors (6144K)
 Metaspace       used 88289K, committed 88832K, reserved 1130496K
  class space    used 12009K, committed 12288K, reserved 1048576K
}
Event: 18.002 GC heap after
{Heap after GC invocations=44 (full 0):
 garbage-first heap   total 128000K, used 64709K [0x0000000080000000, 0x0000000100000000)
  region size 1024K, 4 young (4096K), 4 survivors (4096K)
 Metaspace       used 88289K, committed 88832K, reserved 1130496K
  class space    used 12009K, committed 12288K, reserved 1048576K
}
Event: 18.720 GC heap before
{Heap before GC invocations=44 (full 0):
 garbage-first heap   total 128000K, used 102597K [0x0000000080000000, 0x0000000100000000)
  region size 1024K, 41 young (41984K), 4 survivors (4096K)
 Metaspace       used 89437K, committed 90112K, reserved 1130496K
  class space    used 12160K, committed 12480K, reserved 1048576K
}
Event: 18.730 GC heap after
{Heap after GC invocations=45 (full 0):
 garbage-first heap   total 128000K, used 70054K [0x0000000080000000, 0x0000000100000000)
  region size 1024K, 6 young (6144K), 6 survivors (6144K)
 Metaspace       used 89437K, committed 90112K, reserved 1130496K
  class space    used 12160K, committed 12480K, reserved 1048576K
}
Event: 19.614 GC heap before
{Heap before GC invocations=46 (full 0):
 garbage-first heap   total 128000K, used 101798K [0x0000000080000000, 0x0000000100000000)
  region size 1024K, 37 young (37888K), 6 survivors (6144K)
 Metaspace       used 91240K, committed 91840K, reserved 1130496K
  class space    used 12297K, committed 12608K, reserved 1048576K
}
Event: 19.625 GC heap after
{Heap after GC invocations=47 (full 0):
 garbage-first heap   total 128000K, used 75681K [0x0000000080000000, 0x0000000100000000)
  region size 1024K, 5 young (5120K), 5 survivors (5120K)
 Metaspace       used 91240K, committed 91840K, reserved 1130496K
  class space    used 12297K, committed 12608K, reserved 1048576K
}
Event: 19.682 GC heap before
{Heap before GC invocations=47 (full 0):
 garbage-first heap   total 128000K, used 76705K [0x0000000080000000, 0x0000000100000000)
  region size 1024K, 6 young (6144K), 5 survivors (5120K)
 Metaspace       used 91415K, committed 92032K, reserved 1130496K
  class space    used 12333K, committed 12608K, reserved 1048576K
}
Event: 19.688 GC heap after
{Heap after GC invocations=48 (full 0):
 garbage-first heap   total 128000K, used 76295K [0x0000000080000000, 0x0000000100000000)
  region size 1024K, 1 young (1024K), 1 survivors (1024K)
 Metaspace       used 91415K, committed 92032K, reserved 1130496K
  class space    used 12333K, committed 12608K, reserved 1048576K
}
Event: 20.524 GC heap before
{Heap before GC invocations=48 (full 0):
 garbage-first heap   total 128000K, used 101895K [0x0000000080000000, 0x0000000100000000)
  region size 1024K, 27 young (27648K), 1 survivors (1024K)
 Metaspace       used 93104K, committed 93824K, reserved 1130496K
  class space    used 12668K, committed 12992K, reserved 1048576K
}
Event: 20.529 GC heap after
{Heap after GC invocations=49 (full 0):
 garbage-first heap   total 128000K, used 78303K [0x0000000080000000, 0x0000000100000000)
  region size 1024K, 3 young (3072K), 3 survivors (3072K)
 Metaspace       used 93104K, committed 93824K, reserved 1130496K
  class space    used 12668K, committed 12992K, reserved 1048576K
}
Event: 21.072 GC heap before
{Heap before GC invocations=50 (full 0):
 garbage-first heap   total 142336K, used 101855K [0x0000000080000000, 0x0000000100000000)
  region size 1024K, 27 young (27648K), 3 survivors (3072K)
 Metaspace       used 93263K, committed 93952K, reserved 1130496K
  class space    used 12669K, committed 12992K, reserved 1048576K
}
Event: 21.078 GC heap after
{Heap after GC invocations=51 (full 0):
 garbage-first heap   total 142336K, used 79708K [0x0000000080000000, 0x0000000100000000)
  region size 1024K, 2 young (2048K), 2 survivors (2048K)
 Metaspace       used 93263K, committed 93952K, reserved 1130496K
  class space    used 12669K, committed 12992K, reserved 1048576K
}
Event: 21.179 GC heap before
{Heap before GC invocations=51 (full 0):
 garbage-first heap   total 142336K, used 83804K [0x0000000080000000, 0x0000000100000000)
  region size 1024K, 6 young (6144K), 2 survivors (2048K)
 Metaspace       used 93306K, committed 93952K, reserved 1130496K
  class space    used 12670K, committed 12992K, reserved 1048576K
}
Event: 21.183 GC heap after
{Heap after GC invocations=52 (full 0):
 garbage-first heap   total 142336K, used 79383K [0x0000000080000000, 0x0000000100000000)
  region size 1024K, 1 young (1024K), 1 survivors (1024K)
 Metaspace       used 93306K, committed 93952K, reserved 1130496K
  class space    used 12670K, committed 12992K, reserved 1048576K
}
Event: 21.868 GC heap before
{Heap before GC invocations=52 (full 0):
 garbage-first heap   total 142336K, used 114199K [0x0000000080000000, 0x0000000100000000)
  region size 1024K, 36 young (36864K), 1 survivors (1024K)
 Metaspace       used 93860K, committed 94528K, reserved 1130496K
  class space    used 12719K, committed 13056K, reserved 1048576K
}
Event: 21.875 GC heap after
{Heap after GC invocations=53 (full 0):
 garbage-first heap   total 194560K, used 82405K [0x0000000080000000, 0x0000000100000000)
  region size 1024K, 4 young (4096K), 4 survivors (4096K)
 Metaspace       used 93860K, committed 94528K, reserved 1130496K
  class space    used 12719K, committed 13056K, reserved 1048576K
}
Event: 23.282 GC heap before
{Heap before GC invocations=54 (full 0):
 garbage-first heap   total 194560K, used 154085K [0x0000000080000000, 0x0000000100000000)
  region size 1024K, 75 young (76800K), 4 survivors (4096K)
 Metaspace       used 94439K, committed 95104K, reserved 1138688K
  class space    used 12753K, committed 13056K, reserved 1048576K
}
Event: 23.290 GC heap after
{Heap after GC invocations=55 (full 0):
 garbage-first heap   total 194560K, used 86954K [0x0000000080000000, 0x0000000100000000)
  region size 1024K, 8 young (8192K), 8 survivors (8192K)
 Metaspace       used 94439K, committed 95104K, reserved 1138688K
  class space    used 12753K, committed 13056K, reserved 1048576K
}
Event: 23.306 GC heap before
{Heap before GC invocations=55 (full 0):
 garbage-first heap   total 194560K, used 87978K [0x0000000080000000, 0x0000000100000000)
  region size 1024K, 9 young (9216K), 8 survivors (8192K)
 Metaspace       used 94439K, committed 95104K, reserved 1138688K
  class space    used 12753K, committed 13056K, reserved 1048576K
}
Event: 23.314 GC heap after
{Heap after GC invocations=56 (full 0):
 garbage-first heap   total 194560K, used 87465K [0x0000000080000000, 0x0000000100000000)
  region size 1024K, 2 young (2048K), 2 survivors (2048K)
 Metaspace       used 94439K, committed 95104K, reserved 1138688K
  class space    used 12753K, committed 13056K, reserved 1048576K
}

